<?xml version="1.0" encoding="UTF-8"?>
<testng-results ignored="0" total="1" passed="1" failed="0" skipped="0">
  <reporter-output>
  </reporter-output>
  <suite started-at="2023-07-17T22:22:14 CEST" name="Command line suite" finished-at="2023-07-17T22:22:22 CEST" duration-ms="7302">
    <groups>
    </groups>
    <test started-at="2023-07-17T22:22:14 CEST" name="Command line test" finished-at="2023-07-17T22:22:22 CEST" duration-ms="7302">
      <class name="PositiveLoginTest">
        <test-method is-config="true" signature="beforeTest()[pri:0, instance:PositiveLoginTest@61d6015a]" started-at="2023-07-17T22:22:14 CEST" name="beforeTest" finished-at="2023-07-17T22:22:20 CEST" duration-ms="5762" status="PASS">
          <reporter-output>
          </reporter-output>
        </test-method> <!-- beforeTest -->
        <test-method signature="successfulLoginWithGoodCredentialsTest()[pri:0, instance:PositiveLoginTest@61d6015a]" started-at="2023-07-17T22:22:20 CEST" name="successfulLoginWithGoodCredentialsTest" finished-at="2023-07-17T22:22:21 CEST" duration-ms="678" status="PASS">
          <reporter-output>
          </reporter-output>
        </test-method> <!-- successfulLoginWithGoodCredentialsTest -->
        <test-method is-config="true" signature="afterTest()[pri:0, instance:PositiveLoginTest@61d6015a]" started-at="2023-07-17T22:22:21 CEST" name="afterTest" finished-at="2023-07-17T22:22:22 CEST" duration-ms="744" status="PASS">
          <reporter-output>
          </reporter-output>
        </test-method> <!-- afterTest -->
      </class> <!-- PositiveLoginTest -->
    </test> <!-- Command line test -->
  </suite> <!-- Command line suite -->
</testng-results>
